2023-09-27T01:15:36.846-03:00  INFO 14944 --- [restartedMain] .C.G.I.ApiCalculoGradoImpactoApplication : Starting ApiCalculoGradoImpactoApplication using Java 17.0.6 with PID 14944 (C:\Users\lucia\Documentos\Univ\APICalculoGradoImpacto\target\classes started by lucia in C:\Users\lucia\Documentos\Univ\APICalculoGradoImpacto)
2023-09-27T01:15:36.853-03:00  INFO 14944 --- [restartedMain] .C.G.I.ApiCalculoGradoImpactoApplication : No active profile set, falling back to 1 default profile: "default"
2023-09-27T01:15:36.896-03:00  INFO 14944 --- [restartedMain] .e.DevToolsPropertyDefaultsPostProcessor : Devtools property defaults active! Set 'spring.devtools.add-properties' to 'false' to disable
2023-09-27T01:15:36.897-03:00  INFO 14944 --- [restartedMain] .e.DevToolsPropertyDefaultsPostProcessor : For additional web related logging consider setting the 'logging.level.web' property to 'DEBUG'
2023-09-27T01:15:37.817-03:00  INFO 14944 --- [restartedMain] o.s.b.w.embedded.tomcat.TomcatWebServer  : Tomcat initialized with port(s): 8080 (http)
2023-09-27T01:15:37.825-03:00  INFO 14944 --- [restartedMain] o.apache.catalina.core.StandardService   : Starting service [Tomcat]
2023-09-27T01:15:37.825-03:00  INFO 14944 --- [restartedMain] o.apache.catalina.core.StandardEngine    : Starting Servlet engine: [Apache Tomcat/10.1.12]
2023-09-27T01:15:37.876-03:00  INFO 14944 --- [restartedMain] o.a.c.c.C.[Tomcat].[localhost].[/]       : Initializing Spring embedded WebApplicationContext
2023-09-27T01:15:37.876-03:00  INFO 14944 --- [restartedMain] w.s.c.ServletWebServerApplicationContext : Root WebApplicationContext: initialization completed in 979 ms
2023-09-27T01:15:38.194-03:00  INFO 14944 --- [restartedMain] o.s.b.d.a.OptionalLiveReloadServer       : LiveReload server is running on port 35729
2023-09-27T01:15:38.220-03:00  INFO 14944 --- [restartedMain] o.s.b.w.embedded.tomcat.TomcatWebServer  : Tomcat started on port(s): 8080 (http) with context path ''
2023-09-27T01:15:38.229-03:00  INFO 14944 --- [restartedMain] .C.G.I.ApiCalculoGradoImpactoApplication : Started ApiCalculoGradoImpactoApplication in 1.802 seconds (process running for 2.598)
2023-09-27T01:15:52.511-03:00  INFO 14944 --- [http-nio-8080-exec-1] o.a.c.c.C.[Tomcat].[localhost].[/]       : Initializing Spring DispatcherServlet 'dispatcherServlet'
2023-09-27T01:15:52.512-03:00  INFO 14944 --- [http-nio-8080-exec-1] o.s.web.servlet.DispatcherServlet        : Initializing Servlet 'dispatcherServlet'
2023-09-27T01:15:52.513-03:00  INFO 14944 --- [http-nio-8080-exec-1] o.s.web.servlet.DispatcherServlet        : Completed initialization in 1 ms
2023-09-27T01:34:52.806-03:00  INFO 12176 --- [restartedMain] .C.G.I.ApiCalculoGradoImpactoApplication : Starting ApiCalculoGradoImpactoApplication using Java 17.0.6 with PID 12176 (C:\Users\lucia\Documentos\Univ\APICalculoGradoImpacto\target\classes started by lucia in C:\Users\lucia\Documentos\Univ\APICalculoGradoImpacto)
2023-09-27T01:34:52.808-03:00  INFO 12176 --- [restartedMain] .C.G.I.ApiCalculoGradoImpactoApplication : No active profile set, falling back to 1 default profile: "default"
2023-09-27T01:34:52.852-03:00  INFO 12176 --- [restartedMain] .e.DevToolsPropertyDefaultsPostProcessor : Devtools property defaults active! Set 'spring.devtools.add-properties' to 'false' to disable
2023-09-27T01:34:52.852-03:00  INFO 12176 --- [restartedMain] .e.DevToolsPropertyDefaultsPostProcessor : For additional web related logging consider setting the 'logging.level.web' property to 'DEBUG'
2023-09-27T01:34:53.673-03:00  INFO 12176 --- [restartedMain] o.s.b.w.embedded.tomcat.TomcatWebServer  : Tomcat initialized with port(s): 8080 (http)
2023-09-27T01:34:53.681-03:00  INFO 12176 --- [restartedMain] o.apache.catalina.core.StandardService   : Starting service [Tomcat]
2023-09-27T01:34:53.681-03:00  INFO 12176 --- [restartedMain] o.apache.catalina.core.StandardEngine    : Starting Servlet engine: [Apache Tomcat/10.1.12]
2023-09-27T01:34:53.736-03:00  INFO 12176 --- [restartedMain] o.a.c.c.C.[Tomcat].[localhost].[/]       : Initializing Spring embedded WebApplicationContext
2023-09-27T01:34:53.737-03:00  INFO 12176 --- [restartedMain] w.s.c.ServletWebServerApplicationContext : Root WebApplicationContext: initialization completed in 884 ms
2023-09-27T01:34:54.005-03:00  INFO 12176 --- [restartedMain] o.s.b.d.a.OptionalLiveReloadServer       : LiveReload server is running on port 35729
2023-09-27T01:34:54.028-03:00  INFO 12176 --- [restartedMain] o.s.b.w.embedded.tomcat.TomcatWebServer  : Tomcat started on port(s): 8080 (http) with context path ''
2023-09-27T01:34:54.035-03:00  INFO 12176 --- [restartedMain] .C.G.I.ApiCalculoGradoImpactoApplication : Started ApiCalculoGradoImpactoApplication in 1.602 seconds (process running for 2.147)
2023-09-27T01:35:29.286-03:00  INFO 12176 --- [http-nio-8080-exec-1] o.a.c.c.C.[Tomcat].[localhost].[/]       : Initializing Spring DispatcherServlet 'dispatcherServlet'
2023-09-27T01:35:29.286-03:00  INFO 12176 --- [http-nio-8080-exec-1] o.s.web.servlet.DispatcherServlet        : Initializing Servlet 'dispatcherServlet'
2023-09-27T01:35:29.288-03:00  INFO 12176 --- [http-nio-8080-exec-1] o.s.web.servlet.DispatcherServlet        : Completed initialization in 2 ms
